<?xml version="1.0" encoding="UTF-8"?>
<testng-results ignored="0" total="0" passed="0" failed="0" skipped="0">
  <reporter-output>
  </reporter-output>
  <suite started-at="2021-06-07T12:14:10 CEST" name="edu.de.uni.passau.webeng.students.web.controller.StudentControllerTest" finished-at="2021-06-07T12:14:10 CEST" duration-ms="12">
    <groups>
    </groups>
    <test started-at="2021-06-07T12:14:10 CEST" name="Command line test" finished-at="2021-06-07T12:14:10 CEST" duration-ms="12">
    </test> <!-- Command line test -->
  </suite> <!-- edu.de.uni.passau.webeng.students.web.controller.StudentControllerTest -->
</testng-results>
